<?xml version="1.0" encoding="UTF-8"?>
<testng-results ignored="0" total="1" passed="1" failed="0" skipped="0">
  <reporter-output>
  </reporter-output>
  <suite started-at="2021-08-21T13:43:21 IST" name="Default suite" finished-at="2021-08-21T13:43:37 IST" duration-ms="16286">
    <groups>
    </groups>
    <test started-at="2021-08-21T13:43:21 IST" name="Default test" finished-at="2021-08-21T13:43:37 IST" duration-ms="16286">
      <class name="mytestngpackage.dynamicxpath">
        <test-method is-config="true" signature="Setup()[pri:0, instance:mytestngpackage.dynamicxpath@45b9a632]" started-at="2021-08-21T13:43:21 IST" name="Setup" finished-at="2021-08-21T13:43:26 IST" duration-ms="5225" status="PASS">
          <reporter-output>
          </reporter-output>
        </test-method> <!-- Setup -->
        <test-method signature="test1()[pri:0, instance:mytestngpackage.dynamicxpath@45b9a632]" started-at="2021-08-21T13:43:26 IST" name="test1" finished-at="2021-08-21T13:43:36 IST" duration-ms="10249" status="PASS">
          <reporter-output>
          </reporter-output>
        </test-method> <!-- test1 -->
        <test-method is-config="true" signature="tearDown()[pri:0, instance:mytestngpackage.dynamicxpath@45b9a632]" started-at="2021-08-21T13:43:36 IST" name="tearDown" finished-at="2021-08-21T13:43:37 IST" duration-ms="747" status="PASS">
          <reporter-output>
          </reporter-output>
        </test-method> <!-- tearDown -->
      </class> <!-- mytestngpackage.dynamicxpath -->
    </test> <!-- Default test -->
  </suite> <!-- Default suite -->
</testng-results>
